#
# There is insufficient memory for the Java Runtime Environment to continue.
# Native memory allocation (malloc) failed to allocate 2817456 bytes for Chunk::new
# Possible reasons:
#   The system is out of physical RAM or swap space
#   The process is running with CompressedOops enabled, and the Java Heap may be blocking the growth of the native heap
# Possible solutions:
#   Reduce memory load on the system
#   Increase physical memory or swap space
#   Check if swap backing store is full
#   Decrease Java heap size (-Xmx/-Xms)
#   Decrease number of Java threads
#   Decrease Java thread stack sizes (-Xss)
#   Set larger code cache with -XX:ReservedCodeCacheSize=
#   JVM is running with Unscaled Compressed Oops mode in which the Java heap is
#     placed in the first 4GB address space. The Java Heap base address is the
#     maximum limit for the native heap growth. Please use -XX:HeapBaseMinAddress
#     to set the Java Heap base and to place the Java Heap above 4GB virtual address.
# This output file may be truncated or incomplete.
#
#  Out of Memory Error (allocation.cpp:389), pid=4520, tid=0x0000000000006eb0
#
# JRE version: OpenJDK Runtime Environment (8.0_272-b10) (build 1.8.0_272-b10)
# Java VM: OpenJDK 64-Bit Server VM (25.272-b10 mixed mode windows-amd64 compressed oops)
# Failed to write core dump. Minidumps are not enabled by default on client versions of Windows
#

---------------  T H R E A D  ---------------

Current thread (0x000000001443f000):  JavaThread "C2 CompilerThread1" daemon [_thread_in_native, id=28336, stack(0x0000000015bb0000,0x0000000015cb0000)]

Stack: [0x0000000015bb0000,0x0000000015cb0000]
[error occurred during error reporting (printing stack bounds), id 0xc0000005]

Native frames: (J=compiled Java code, j=interpreted, Vv=VM code, C=native code)


Current CompileTask:
C2: 105028 14807       4       org.gradle.api.internal.artifacts.transform.AttributeMatchingVariantSelector::doSelect (492 bytes)


---------------  P R O C E S S  ---------------

Java Threads: ( => current thread )
  0x000000001bde4800 JavaThread "WorkerExecutor Queue Thread 6" [_thread_blocked, id=18776, stack(0x000000002d620000,0x000000002d720000)]
  0x000000001bde3800 JavaThread "Cache worker for Java compile cache (E:\DACN1\android\.gradle\6.9\javaCompile)" [_thread_blocked, id=17976, stack(0x000000002c920000,0x000000002ca20000)]
  0x000000001bdea800 JavaThread "Cache worker for Java compile cache (C:\Users\ADMIN\.gradle\caches\6.9\javaCompile)" [_thread_blocked, id=27524, stack(0x000000002c820000,0x000000002c920000)]
  0x000000001bde9000 JavaThread "WorkerExecutor Queue Thread 5" [_thread_blocked, id=15976, stack(0x000000002c220000,0x000000002c320000)]
  0x000000001bde8800 JavaThread "WorkerExecutor Queue Thread 2" [_thread_blocked, id=28808, stack(0x000000002c520000,0x000000002c620000)]
  0x000000001bde5000 JavaThread "Cache worker for execution history cache (E:\DACN1\android\.gradle\6.9\executionHistory)" [_thread_blocked, id=14588, stack(0x000000002bf20000,0x000000002c020000)]
  0x000000001bde6000 JavaThread "Execution worker for ':' Thread 3" [_thread_blocked, id=7376, stack(0x000000002be20000,0x000000002bf20000)]
  0x000000001bde0800 JavaThread "Execution worker for ':' Thread 2" [_thread_blocked, id=18656, stack(0x000000002bb80000,0x000000002bc80000)]
  0x000000001bde1000 JavaThread "Execution worker for ':'" [_thread_blocked, id=440, stack(0x000000002ba80000,0x000000002bb80000)]
  0x000000001bde3000 JavaThread "build event listener" [_thread_blocked, id=5820, stack(0x000000002bd20000,0x000000002be20000)]
  0x000000001bd17800 JavaThread "jar transforms Thread 131" [_thread_blocked, id=13724, stack(0x0000000029f80000,0x000000002a080000)]
  0x000000001bd1e800 JavaThread "jar transforms Thread 130" [_thread_blocked, id=26768, stack(0x0000000029e80000,0x0000000029f80000)]
  0x000000001bd19000 JavaThread "jar transforms Thread 129" [_thread_blocked, id=21524, stack(0x0000000029d80000,0x0000000029e80000)]
  0x000000001bd1e000 JavaThread "jar transforms Thread 128" [_thread_blocked, id=10316, stack(0x0000000029c80000,0x0000000029d80000)]
  0x000000001bd1d000 JavaThread "jar transforms Thread 127" [_thread_blocked, id=29424, stack(0x0000000029b80000,0x0000000029c80000)]
  0x000000001bd1c000 JavaThread "jar transforms Thread 126" [_thread_blocked, id=10540, stack(0x0000000029a80000,0x0000000029b80000)]
  0x000000001bd1a800 JavaThread "jar transforms Thread 125" [_thread_blocked, id=22352, stack(0x0000000029980000,0x0000000029a80000)]
  0x000000001bd18800 JavaThread "jar transforms Thread 124" [_thread_blocked, id=7232, stack(0x0000000029880000,0x0000000029980000)]
  0x000000001bd1b800 JavaThread "jar transforms Thread 123" [_thread_blocked, id=25420, stack(0x0000000029780000,0x0000000029880000)]
  0x000000001bd1a000 JavaThread "jar transforms Thread 122" [_thread_blocked, id=11396, stack(0x0000000029680000,0x0000000029780000)]
  0x000000001bd0f800 JavaThread "jar transforms Thread 121" [_thread_blocked, id=11500, stack(0x0000000029580000,0x0000000029680000)]
  0x000000001bd16800 JavaThread "jar transforms Thread 120" [_thread_blocked, id=19392, stack(0x0000000029480000,0x0000000029580000)]
  0x000000001bd13000 JavaThread "jar transforms Thread 119" [_thread_blocked, id=17024, stack(0x0000000029380000,0x0000000029480000)]
  0x000000001bd12000 JavaThread "jar transforms Thread 118" [_thread_blocked, id=25400, stack(0x0000000029280000,0x0000000029380000)]
  0x000000001bd13800 JavaThread "jar transforms Thread 117" [_thread_blocked, id=17692, stack(0x0000000029180000,0x0000000029280000)]
  0x000000001bd11000 JavaThread "jar transforms Thread 116" [_thread_blocked, id=23096, stack(0x0000000029080000,0x0000000029180000)]
  0x000000001bd16000 JavaThread "jar transforms Thread 115" [_thread_blocked, id=22868, stack(0x0000000028f80000,0x0000000029080000)]
  0x000000001bd14800 JavaThread "jar transforms Thread 114" [_thread_blocked, id=26356, stack(0x0000000028e80000,0x0000000028f80000)]
  0x000000001bd15000 JavaThread "jar transforms Thread 113" [_thread_blocked, id=12188, stack(0x0000000028d80000,0x0000000028e80000)]
  0x000000001bd10800 JavaThread "jar transforms Thread 112" [_thread_blocked, id=24556, stack(0x0000000028c80000,0x0000000028d80000)]
  0x000000001c53f000 JavaThread "jar transforms Thread 111" [_thread_blocked, id=9900, stack(0x0000000028b80000,0x0000000028c80000)]
  0x000000001c53e000 JavaThread "jar transforms Thread 110" [_thread_blocked, id=14280, stack(0x0000000028a80000,0x0000000028b80000)]
  0x000000001c53d800 JavaThread "jar transforms Thread 109" [_thread_blocked, id=7876, stack(0x0000000028980000,0x0000000028a80000)]
  0x000000001c53b800 JavaThread "jar transforms Thread 108" [_thread_blocked, id=9740, stack(0x0000000028880000,0x0000000028980000)]
  0x000000001c53b000 JavaThread "jar transforms Thread 107" [_thread_blocked, id=24688, stack(0x0000000028780000,0x0000000028880000)]
  0x000000001c540800 JavaThread "jar transforms Thread 106" [_thread_blocked, id=248, stack(0x0000000028680000,0x0000000028780000)]
  0x000000001c541000 JavaThread "jar transforms Thread 105" [_thread_blocked, id=4264, stack(0x0000000028580000,0x0000000028680000)]
  0x000000001c53c800 JavaThread "jar transforms Thread 104" [_thread_blocked, id=10052, stack(0x0000000028480000,0x0000000028580000)]
  0x000000001c53f800 JavaThread "jar transforms Thread 103" [_thread_blocked, id=16792, stack(0x0000000028380000,0x0000000028480000)]
  0x000000001c53a000 JavaThread "jar transforms Thread 102" [_thread_blocked, id=13240, stack(0x0000000028280000,0x0000000028380000)]
  0x000000001c532800 JavaThread "jar transforms Thread 101" [_thread_blocked, id=15084, stack(0x0000000026c60000,0x0000000026d60000)]
  0x000000001c538000 JavaThread "jar transforms Thread 100" [_thread_blocked, id=16016, stack(0x0000000026510000,0x0000000026610000)]
  0x000000001c537000 JavaThread "jar transforms Thread 99" [_thread_blocked, id=12408, stack(0x0000000002da0000,0x0000000002ea0000)]
  0x000000001c538800 JavaThread "jar transforms Thread 98" [_thread_blocked, id=13580, stack(0x00000000013a0000,0x00000000014a0000)]
  0x000000001c533000 JavaThread "Memory manager" [_thread_blocked, id=25824, stack(0x0000000026010000,0x0000000026110000)]
  0x000000001c539800 JavaThread "jar transforms Thread 97" [_thread_blocked, id=3024, stack(0x0000000025710000,0x0000000025810000)]
  0x000000001c534000 JavaThread "jar transforms Thread 96" [_thread_blocked, id=25460, stack(0x0000000025610000,0x0000000025710000)]
  0x000000001c536000 JavaThread "jar transforms Thread 95" [_thread_blocked, id=10368, stack(0x0000000025510000,0x0000000025610000)]
  0x00000000185ff800 JavaThread "jar transforms Thread 94" [_thread_blocked, id=25472, stack(0x0000000020d80000,0x0000000020e80000)]
  0x00000000185ff000 JavaThread "jar transforms Thread 93" [_thread_blocked, id=5692, stack(0x000000001f930000,0x000000001fa30000)]
  0x00000000185fe000 JavaThread "jar transforms Thread 92" [_thread_blocked, id=26068, stack(0x0000000025410000,0x0000000025510000)]
  0x00000000185fd800 JavaThread "jar transforms Thread 91" [_thread_blocked, id=25984, stack(0x0000000025310000,0x0000000025410000)]
  0x00000000185f5800 JavaThread "jar transforms Thread 90" [_thread_blocked, id=8368, stack(0x0000000025210000,0x0000000025310000)]
  0x00000000185fc800 JavaThread "jar transforms Thread 89" [_thread_blocked, id=4424, stack(0x0000000025110000,0x0000000025210000)]
  0x00000000185fb800 JavaThread "jar transforms Thread 88" [_thread_blocked, id=13456, stack(0x0000000025010000,0x0000000025110000)]
  0x00000000185f4000 JavaThread "jar transforms Thread 87" [_thread_blocked, id=4052, stack(0x0000000024f10000,0x0000000025010000)]
  0x00000000185fb000 JavaThread "jar transforms Thread 86" [_thread_blocked, id=20580, stack(0x0000000024e10000,0x0000000024f10000)]
  0x00000000185f3000 JavaThread "jar transforms Thread 85" [_thread_blocked, id=18708, stack(0x0000000024d10000,0x0000000024e10000)]
  0x00000000185f7000 JavaThread "jar transforms Thread 84" [_thread_blocked, id=9936, stack(0x0000000024c10000,0x0000000024d10000)]
  0x00000000185fa000 JavaThread "jar transforms Thread 83" [_thread_blocked, id=11920, stack(0x0000000024b10000,0x0000000024c10000)]
  0x00000000185f2800 JavaThread "jar transforms Thread 82" [_thread_blocked, id=5888, stack(0x0000000024a10000,0x0000000024b10000)]
  0x00000000185f6000 JavaThread "jar transforms Thread 81" [_thread_blocked, id=13920, stack(0x0000000024910000,0x0000000024a10000)]
  0x00000000185f9800 JavaThread "jar transforms Thread 80" [_thread_blocked, id=12656, stack(0x0000000024710000,0x0000000024810000)]
  0x00000000185f8800 JavaThread "jar transforms Thread 79" [_thread_blocked, id=28664, stack(0x0000000024610000,0x0000000024710000)]
  0x00000000185f0800 JavaThread "jar transforms Thread 78" [_thread_blocked, id=13772, stack(0x0000000024510000,0x0000000024610000)]
  0x00000000185f1800 JavaThread "jar transforms Thread 77" [_thread_blocked, id=9436, stack(0x0000000024410000,0x0000000024510000)]
  0x00000000185f4800 JavaThread "jar transforms Thread 76" [_thread_blocked, id=5032, stack(0x0000000024310000,0x0000000024410000)]
  0x00000000185f8000 JavaThread "jar transforms Thread 75" [_thread_blocked, id=19324, stack(0x0000000024210000,0x0000000024310000)]
  0x00000000185ed800 JavaThread "jar transforms Thread 74" [_thread_blocked, id=24068, stack(0x0000000024110000,0x0000000024210000)]
  0x00000000185ec800 JavaThread "jar transforms Thread 73" [_thread_blocked, id=23520, stack(0x0000000024010000,0x0000000024110000)]
  0x00000000185eb800 JavaThread "jar transforms Thread 72" [_thread_blocked, id=14524, stack(0x0000000023f10000,0x0000000024010000)]
  0x00000000185e8800 JavaThread "jar transforms Thread 71" [_thread_blocked, id=29532, stack(0x0000000023e10000,0x0000000023f10000)]
  0x00000000185ef800 JavaThread "jar transforms Thread 70" [_thread_blocked, id=23488, stack(0x0000000023d10000,0x0000000023e10000)]
  0x00000000185eb000 JavaThread "jar transforms Thread 69" [_thread_blocked, id=16312, stack(0x0000000023c10000,0x0000000023d10000)]
  0x00000000185e9800 JavaThread "jar transforms Thread 68" [_thread_blocked, id=18508, stack(0x0000000023b10000,0x0000000023c10000)]
  0x00000000185e8000 JavaThread "jar transforms Thread 67" [_thread_blocked, id=13860, stack(0x0000000023a10000,0x0000000023b10000)]
  0x00000000185ef000 JavaThread "jar transforms Thread 66" [_thread_blocked, id=12424, stack(0x0000000023910000,0x0000000023a10000)]
  0x00000000185ea000 JavaThread "jar transforms Thread 65" [_thread_blocked, id=26108, stack(0x0000000023810000,0x0000000023910000)]
  0x00000000185ee000 JavaThread "jar transforms Thread 64" [_thread_blocked, id=824, stack(0x0000000023710000,0x0000000023810000)]
  0x00000000185e1800 JavaThread "jar transforms Thread 63" [_thread_blocked, id=12944, stack(0x0000000023610000,0x0000000023710000)]
  0x00000000185e5800 JavaThread "jar transforms Thread 62" [_thread_blocked, id=26720, stack(0x0000000023510000,0x0000000023610000)]
  0x00000000185e4800 JavaThread "jar transforms Thread 61" [_thread_blocked, id=6544, stack(0x0000000023410000,0x0000000023510000)]
  0x00000000185e4000 JavaThread "jar transforms Thread 60" [_thread_blocked, id=1712, stack(0x0000000023310000,0x0000000023410000)]
  0x00000000185e0800 JavaThread "jar transforms Thread 59" [_thread_blocked, id=21336, stack(0x0000000023210000,0x0000000023310000)]
  0x00000000185e2800 JavaThread "jar transforms Thread 58" [_thread_blocked, id=21824, stack(0x0000000023110000,0x0000000023210000)]
  0x00000000185e3000 JavaThread "jar transforms Thread 57" [_thread_blocked, id=27716, stack(0x0000000023010000,0x0000000023110000)]
  0x00000000185e7000 JavaThread "jar transforms Thread 56" [_thread_blocked, id=23348, stack(0x0000000022f10000,0x0000000023010000)]
  0x00000000185e6000 JavaThread "jar transforms Thread 55" [_thread_blocked, id=15136, stack(0x0000000022e10000,0x0000000022f10000)]
  0x000000001d717800 JavaThread "jar transforms Thread 54" [_thread_blocked, id=10596, stack(0x0000000022d10000,0x0000000022e10000)]
  0x000000001d71c000 JavaThread "jar transforms Thread 53" [_thread_blocked, id=19920, stack(0x0000000022c10000,0x0000000022d10000)]
  0x000000001d718800 JavaThread "jar transforms Thread 52" [_thread_blocked, id=23240, stack(0x0000000022b10000,0x0000000022c10000)]
  0x000000001d71b800 JavaThread "jar transforms Thread 51" [_thread_blocked, id=29208, stack(0x0000000022a10000,0x0000000022b10000)]
  0x000000001d716800 JavaThread "jar transforms Thread 50" [_thread_blocked, id=23468, stack(0x0000000022910000,0x0000000022a10000)]
  0x000000001d71a000 JavaThread "jar transforms Thread 49" [_thread_blocked, id=22256, stack(0x0000000022810000,0x0000000022910000)]
  0x000000001d719000 JavaThread "jar transforms Thread 48" [_thread_blocked, id=10188, stack(0x0000000022710000,0x0000000022810000)]
  0x000000001d71a800 JavaThread "jar transforms Thread 47" [_thread_blocked, id=15724, stack(0x0000000022610000,0x0000000022710000)]
  0x000000001d70f000 JavaThread "jar transforms Thread 46" [_thread_blocked, id=28924, stack(0x0000000022510000,0x0000000022610000)]
  0x000000001d716000 JavaThread "jar transforms Thread 45" [_thread_blocked, id=25432, stack(0x0000000022410000,0x0000000022510000)]
  0x000000001d715000 JavaThread "jar transforms Thread 44" [_thread_blocked, id=10464, stack(0x0000000022310000,0x0000000022410000)]
  0x000000001d70e000 JavaThread "jar transforms Thread 43" [_thread_blocked, id=22880, stack(0x0000000022210000,0x0000000022310000)]
  0x000000001d714800 JavaThread "jar transforms Thread 42" [_thread_blocked, id=20444, stack(0x0000000022110000,0x0000000022210000)]
  0x000000001d713800 JavaThread "jar transforms Thread 41" [_thread_blocked, id=12224, stack(0x0000000022010000,0x0000000022110000)]
  0x000000001d713000 JavaThread "jar transforms Thread 40" [_thread_blocked, id=12668, stack(0x0000000021f10000,0x0000000022010000)]
  0x000000001d712000 JavaThread "jar transforms Thread 39" [_thread_blocked, id=18112, stack(0x0000000021e10000,0x0000000021f10000)]
  0x000000001d70f800 JavaThread "jar transforms Thread 38" [_thread_blocked, id=7840, stack(0x0000000021d10000,0x0000000021e10000)]
  0x000000001d70d800 JavaThread "jar transforms Thread 37" [_thread_blocked, id=26868, stack(0x0000000021c10000,0x0000000021d10000)]
  0x000000001d710800 JavaThread "jar transforms Thread 36" [_thread_blocked, id=17132, stack(0x0000000021b10000,0x0000000021c10000)]
  0x000000001d711000 JavaThread "jar transforms Thread 35" [_thread_blocked, id=1472, stack(0x0000000021a10000,0x0000000021b10000)]
  0x0000000016b52800 JavaThread "jar transforms Thread 34" [_thread_blocked, id=6940, stack(0x0000000021910000,0x0000000021a10000)]
  0x0000000016b51800 JavaThread "jar transforms Thread 33" [_thread_blocked, id=1420, stack(0x0000000021810000,0x0000000021910000)]
  0x0000000016b54000 JavaThread "jar transforms Thread 32" [_thread_blocked, id=17480, stack(0x0000000021710000,0x0000000021810000)]
  0x0000000016b50800 JavaThread "jar transforms Thread 31" [_thread_blocked, id=28348, stack(0x0000000021610000,0x0000000021710000)]
  0x0000000016b58000 JavaThread "jar transforms Thread 30" [_thread_blocked, id=14488, stack(0x0000000021510000,0x0000000021610000)]
  0x0000000016b57000 JavaThread "jar transforms Thread 29" [_thread_blocked, id=3064, stack(0x0000000021410000,0x0000000021510000)]
  0x0000000016b54800 JavaThread "jar transforms Thread 28" [_thread_blocked, id=25220, stack(0x0000000021310000,0x0000000021410000)]
  0x0000000016b56000 JavaThread "jar transforms Thread 27" [_thread_blocked, id=27228, stack(0x0000000021210000,0x0000000021310000)]
  0x0000000016b53000 JavaThread "jar transforms Thread 26" [_thread_blocked, id=17896, stack(0x0000000021110000,0x0000000021210000)]
  0x0000000016b55800 JavaThread "jar transforms Thread 25" [_thread_blocked, id=22208, stack(0x0000000021010000,0x0000000021110000)]
  0x0000000016b49000 JavaThread "jar transforms Thread 24" [_thread_blocked, id=27384, stack(0x0000000020f10000,0x0000000021010000)]
  0x0000000016b4e800 JavaThread "jar transforms Thread 23" [_thread_blocked, id=17508, stack(0x0000000020c80000,0x0000000020d80000)]
  0x0000000016b4b000 JavaThread "jar transforms Thread 22" [_thread_blocked, id=13472, stack(0x0000000020b80000,0x0000000020c80000)]
  0x0000000016b49800 JavaThread "jar transforms Thread 21" [_thread_blocked, id=15156, stack(0x0000000020a80000,0x0000000020b80000)]
  0x0000000016b4d000 JavaThread "jar transforms Thread 20" [_thread_blocked, id=28244, stack(0x0000000020980000,0x0000000020a80000)]
  0x0000000016b4f000 JavaThread "jar transforms Thread 19" [_thread_blocked, id=7872, stack(0x0000000020880000,0x0000000020980000)]
  0x0000000016b4d800 JavaThread "jar transforms Thread 18" [_thread_blocked, id=13932, stack(0x0000000020780000,0x0000000020880000)]
  0x0000000016b50000 JavaThread "jar transforms Thread 17" [_thread_blocked, id=18516, stack(0x0000000020680000,0x0000000020780000)]
  0x0000000016b4a800 JavaThread "jar transforms Thread 16" [_thread_blocked, id=14048, stack(0x0000000020580000,0x0000000020680000)]
  0x0000000016b4c000 JavaThread "jar transforms Thread 15" [_thread_blocked, id=13952, stack(0x0000000020480000,0x0000000020580000)]
  0x0000000016fb5800 JavaThread "jar transforms Thread 14" [_thread_blocked, id=26244, stack(0x0000000020380000,0x0000000020480000)]
  0x0000000016fb5000 JavaThread "jar transforms Thread 13" [_thread_blocked, id=27216, stack(0x0000000020280000,0x0000000020380000)]
  0x0000000016fb7000 JavaThread "jar transforms Thread 12" [_thread_blocked, id=11652, stack(0x0000000020180000,0x0000000020280000)]
  0x0000000016fb4000 JavaThread "jar transforms Thread 11" [_thread_blocked, id=24572, stack(0x0000000020080000,0x0000000020180000)]
  0x0000000016fb8000 JavaThread "jar transforms Thread 10" [_thread_blocked, id=14352, stack(0x000000001ff80000,0x0000000020080000)]
  0x0000000016fb3000 JavaThread "jar transforms Thread 9" [_thread_blocked, id=6936, stack(0x000000001fe80000,0x000000001ff80000)]
  0x0000000016fb6800 JavaThread "jar transforms Thread 8" [_thread_blocked, id=20752, stack(0x000000001fd80000,0x000000001fe80000)]
  0x0000000016fab800 JavaThread "jar transforms Thread 7" [_thread_blocked, id=20188, stack(0x000000001fc80000,0x000000001fd80000)]
  0x0000000016fb2800 JavaThread "jar transforms Thread 6" [_thread_blocked, id=3136, stack(0x000000001fb80000,0x000000001fc80000)]
  0x0000000016faa800 JavaThread "jar transforms Thread 5" [_thread_blocked, id=28828, stack(0x000000001fa80000,0x000000001fb80000)]
  0x0000000016fb1800 JavaThread "jar transforms Thread 4" [_thread_blocked, id=28160, stack(0x000000001f830000,0x000000001f930000)]
  0x0000000016faf800 JavaThread "jar transforms Thread 3" [_thread_blocked, id=14436, stack(0x000000001f730000,0x000000001f830000)]
  0x0000000016fae800 JavaThread "jar transforms Thread 2" [_thread_blocked, id=10868, stack(0x000000001f630000,0x000000001f730000)]
  0x0000000016faa000 JavaThread "Build operations Thread 4" [_thread_blocked, id=6832, stack(0x000000001f530000,0x000000001f630000)]
  0x0000000016fad800 JavaThread "Build operations Thread 3" [_thread_blocked, id=9208, stack(0x000000001f430000,0x000000001f530000)]
  0x0000000016fb0000 JavaThread "Build operations Thread 2" [_thread_blocked, id=23336, stack(0x000000001f330000,0x000000001f430000)]
  0x0000000016fb1000 JavaThread "Build operations" [_thread_in_native, id=25884, stack(0x000000001f230000,0x000000001f330000)]
  0x0000000016fa9000 JavaThread "Cache worker for Build Output Cleanup Cache (E:\DACN1\android\.gradle\buildOutputCleanup)" [_thread_blocked, id=22300, stack(0x000000001ef30000,0x000000001f030000)]
  0x0000000016490800 JavaThread "Cache worker for file content cache (C:\Users\ADMIN\.gradle\caches\6.9\fileContent)" [_thread_blocked, id=26980, stack(0x000000001e580000,0x000000001e680000)]
  0x0000000016491000 JavaThread "jar transforms" [_thread_blocked, id=8116, stack(0x000000001e480000,0x000000001e580000)]
  0x000000001648f000 JavaThread "Cache worker for execution history cache (C:\Users\ADMIN\.gradle\caches\6.9\executionHistory)" [_thread_blocked, id=11424, stack(0x000000001dd80000,0x000000001de80000)]
  0x000000001648d800 JavaThread "Cache worker for cache directory md-rule (C:\Users\ADMIN\.gradle\caches\6.9\md-rule)" [_thread_blocked, id=8668, stack(0x000000001dc80000,0x000000001dd80000)]
  0x000000001648e000 JavaThread "Cache worker for cache directory md-supplier (C:\Users\ADMIN\.gradle\caches\6.9\md-supplier)" [_thread_blocked, id=21224, stack(0x000000001cb70000,0x000000001cc70000)]
  0x000000001648a000 JavaThread "Cache worker for checksums cache (E:\DACN1\android\.gradle\checksums)" [_thread_blocked, id=12192, stack(0x000000001c870000,0x000000001c970000)]
  0x000000001648c800 JavaThread "Cache worker for file hash cache (E:\DACN1\android\.gradle\6.9\fileHashes)" [_thread_blocked, id=20712, stack(0x000000001c770000,0x000000001c870000)]
  0x000000001648b000 JavaThread "Cache worker for journal cache (C:\Users\ADMIN\.gradle\caches\journal-1)" [_thread_blocked, id=816, stack(0x000000001a1d0000,0x000000001a2d0000)]
  0x000000001648f800 JavaThread "File lock request listener" [_thread_in_native, id=28112, stack(0x000000001a0d0000,0x000000001a1d0000)]
  0x000000001648b800 JavaThread "Cache worker for file hash cache (C:\Users\ADMIN\.gradle\caches\6.9\fileHashes)" [_thread_blocked, id=29028, stack(0x0000000019fd0000,0x000000001a0d0000)]
  0x0000000016f84800 JavaThread "Daemon client event forwarder" [_thread_blocked, id=13680, stack(0x0000000019cd0000,0x0000000019dd0000)]
  0x0000000016015800 JavaThread "Stdin handler" [_thread_blocked, id=27960, stack(0x0000000019bd0000,0x0000000019cd0000)]
  0x0000000017bd4000 JavaThread "Asynchronous log dispatcher for DefaultDaemonConnection: socket connection from /127.0.0.1:1063 to /127.0.0.1:1066" [_thread_blocked, id=8264, stack(0x0000000019ad0000,0x0000000019bd0000)]
  0x0000000017c54000 JavaThread "Daemon worker" [_thread_blocked, id=9108, stack(0x00000000199d0000,0x0000000019ad0000)]
  0x0000000017037800 JavaThread "Cancel handler" [_thread_blocked, id=3924, stack(0x00000000198d0000,0x00000000199d0000)]
  0x0000000017bfe800 JavaThread "Handler for socket connection from /127.0.0.1:1063 to /127.0.0.1:1066" [_thread_in_native, id=812, stack(0x00000000197d0000,0x00000000198d0000)]
  0x0000000017bfe000 JavaThread "Daemon" [_thread_blocked, id=17820, stack(0x00000000196d0000,0x00000000197d0000)]
  0x00000000173d2000 JavaThread "Daemon periodic checks" [_thread_blocked, id=19540, stack(0x00000000193d0000,0x00000000194d0000)]
  0x00000000173d1000 JavaThread "Incoming local TCP Connector on port 1063" [_thread_in_native, id=11020, stack(0x0000000019190000,0x0000000019290000)]
  0x0000000017a11800 JavaThread "Daemon health stats" [_thread_blocked, id=3920, stack(0x0000000018d50000,0x0000000018e50000)]
  0x0000000015cb8800 JavaThread "Service Thread" daemon [_thread_blocked, id=3844, stack(0x00000000161b0000,0x00000000162b0000)]
  0x0000000014443000 JavaThread "C1 CompilerThread2" daemon [_thread_blocked, id=14776, stack(0x00000000160b0000,0x00000000161b0000)]
=>0x000000001443f000 JavaThread "C2 CompilerThread1" daemon [_thread_in_native, id=28336, stack(0x0000000015bb0000,0x0000000015cb0000)]
  0x0000000014446800 JavaThread "C2 CompilerThread0" daemon [_thread_in_native, id=25068, stack(0x0000000015ab0000,0x0000000015bb0000)]
  0x000000001443d000 JavaThread "Attach Listener" daemon [_thread_blocked, id=4436, stack(0x00000000159b0000,0x0000000015ab0000)]
  0x000000001443a800 JavaThread "Signal Dispatcher" daemon [_thread_blocked, id=28696, stack(0x00000000158b0000,0x00000000159b0000)]
  0x00000000030a8000 JavaThread "Finalizer" daemon [_thread_blocked, id=27692, stack(0x00000000156a0000,0x00000000157a0000)]
  0x00000000030a4800 JavaThread "Reference Handler" daemon [_thread_blocked, id=9852, stack(0x00000000155a0000,0x00000000156a0000)]
  0x0000000002fb4000 JavaThread "main" [_thread_blocked, id=26648, stack(0x0000000002eb0000,0x0000000002fb0000)]

Other Threads:
  0x00000000143f5800 VMThread [stack: 0x00000000154a0000,0x00000000155a0000] [id=19220]
  0x0000000015cba800 WatcherThread [stack: 0x00000000162b0000,0x00000000163b0000] [id=11852]

VM state:not at safepoint (normal execution)

VM Mutex/Monitor currently owned by a thread: None

heap address: 0x00000000e0000000, size: 512 MB, Compressed Oops mode: 32-bit
Narrow klass base: 0x0000000000000000, Narrow klass shift: 3
Compressed class space size: 1073741824 Address: 0x0000000100000000

Heap:
 PSYoungGen      total 137728K, used 79655K [0x00000000f5580000, 0x00000000ffe00000, 0x0000000100000000)
  eden space 102400K, 66% used [0x00000000f5580000,0x00000000f9861150,0x00000000fb980000)
  from space 35328K, 31% used [0x00000000fb980000,0x00000000fc468d20,0x00000000fdc00000)
  to   space 33792K, 0% used [0x00000000fdd00000,0x00000000fdd00000,0x00000000ffe00000)
 ParOldGen       total 222208K, used 117957K [0x00000000e0000000, 0x00000000ed900000, 0x00000000f5580000)
  object space 222208K, 53% used [0x00000000e0000000,0x00000000e73314d8,0x00000000ed900000)
 Metaspace       used 92298K, capacity 98392K, committed 98560K, reserved 1134592K
  class space    used 12735K, capacity 13988K, committed 14080K, reserved 1048576K

Card table byte_map: [0x0000000012470000,0x0000000012580000] byte_map_base: 0x0000000011d70000

Marking Bits: (ParMarkBitMap*) 0x0000000057ed23c0
 Begin Bits: [0x0000000012980000, 0x0000000013180000)
 End Bits:   [0x0000000013180000, 0x0000000013980000)

Polling page: 0x00000000014e0000

CodeCache: size=245760Kb used=40263Kb max_used=40273Kb free=205496Kb
 bounds [0x00000000030b0000, 0x0000000005860000, 0x00000000120b0000]
 total_blobs=13480 nmethods=12615 adapters=776
 compilation: enabled

Compilation events (10 events):
Event: 104.979 Thread 0x0000000014443000 14939       3       com.google.common.collect.ImmutableSortedMap::fromEntries (23 bytes)
Event: 104.980 Thread 0x0000000014443000 nmethod 14939 0x000000000458cf50 code [0x000000000458d160, 0x000000000458db98]
Event: 104.987 Thread 0x0000000014443000 14942       1       org.gradle.internal.execution.UnitOfWork::validate (1 bytes)
Event: 104.987 Thread 0x0000000014443000 nmethod 14942 0x000000000458cc90 code [0x000000000458cde0, 0x000000000458cef0]
Event: 104.992 Thread 0x0000000014443000 14943       3       org.gradle.internal.execution.UnitOfWork$InputVisitor::visitInputProperty (1 bytes)
Event: 104.993 Thread 0x0000000014443000 nmethod 14943 0x0000000003352190 code [0x00000000033522e0, 0x0000000003352430]
Event: 104.993 Thread 0x0000000014443000 14944       3       com.google.common.collect.Maps$FilteredEntryMap$EntrySet::iterator (21 bytes)
Event: 104.993 Thread 0x0000000014443000 nmethod 14944 0x0000000004726810 code [0x00000000047269c0, 0x0000000004726ef8]
Event: 104.993 Thread 0x0000000014443000 14945       3       com.google.common.collect.Maps$FilteredEntryMap$EntrySet$1::<init> (11 bytes)
Event: 104.994 Thread 0x0000000014443000 nmethod 14945 0x0000000004997f90 code [0x0000000004998120, 0x00000000049984a8]

GC Heap History (10 events):
Event: 91.345 GC heap before
{Heap before GC invocations=18 (full 3):
 PSYoungGen      total 121856K, used 121832K [0x00000000f5580000, 0x0000000100000000, 0x0000000100000000)
  eden space 95744K, 100% used [0x00000000f5580000,0x00000000fb300000,0x00000000fb300000)
  from space 26112K, 99% used [0x00000000fe680000,0x00000000ffffa050,0x0000000100000000)
  to   space 39424K, 0% used [0x00000000fb300000,0x00000000fb300000,0x00000000fd980000)
 ParOldGen       total 222208K, used 67497K [0x00000000e0000000, 0x00000000ed900000, 0x00000000f5580000)
  object space 222208K, 30% used [0x00000000e0000000,0x00000000e41ea7c8,0x00000000ed900000)
 Metaspace       used 79424K, capacity 84886K, committed 84992K, reserved 1122304K
  class space    used 11110K, capacity 12262K, committed 12288K, reserved 1048576K
Event: 91.421 GC heap after
Heap after GC invocations=18 (full 3):
 PSYoungGen      total 135168K, used 18092K [0x00000000f5580000, 0x0000000100000000, 0x0000000100000000)
  eden space 95744K, 0% used [0x00000000f5580000,0x00000000f5580000,0x00000000fb300000)
  from space 39424K, 45% used [0x00000000fb300000,0x00000000fc4ab098,0x00000000fd980000)
  to   space 37376K, 0% used [0x00000000fdb80000,0x00000000fdb80000,0x0000000100000000)
 ParOldGen       total 222208K, used 82642K [0x00000000e0000000, 0x00000000ed900000, 0x00000000f5580000)
  object space 222208K, 37% used [0x00000000e0000000,0x00000000e50b4928,0x00000000ed900000)
 Metaspace       used 79424K, capacity 84886K, committed 84992K, reserved 1122304K
  class space    used 11110K, capacity 12262K, committed 12288K, reserved 1048576K
}
Event: 94.768 GC heap before
{Heap before GC invocations=19 (full 3):
 PSYoungGen      total 135168K, used 113836K [0x00000000f5580000, 0x0000000100000000, 0x0000000100000000)
  eden space 95744K, 100% used [0x00000000f5580000,0x00000000fb300000,0x00000000fb300000)
  from space 39424K, 45% used [0x00000000fb300000,0x00000000fc4ab098,0x00000000fd980000)
  to   space 37376K, 0% used [0x00000000fdb80000,0x00000000fdb80000,0x0000000100000000)
 ParOldGen       total 222208K, used 82642K [0x00000000e0000000, 0x00000000ed900000, 0x00000000f5580000)
  object space 222208K, 37% used [0x00000000e0000000,0x00000000e50b4928,0x00000000ed900000)
 Metaspace       used 80515K, capacity 86224K, committed 86400K, reserved 1124352K
  class space    used 11220K, capacity 12395K, committed 12416K, reserved 1048576K
Event: 94.856 GC heap after
Heap after GC invocations=19 (full 3):
 PSYoungGen      total 131072K, used 13612K [0x00000000f5580000, 0x00000000ffc00000, 0x0000000100000000)
  eden space 97792K, 0% used [0x00000000f5580000,0x00000000f5580000,0x00000000fb500000)
  from space 33280K, 40% used [0x00000000fdb80000,0x00000000fe8cb218,0x00000000ffc00000)
  to   space 36352K, 0% used [0x00000000fb500000,0x00000000fb500000,0x00000000fd880000)
 ParOldGen       total 222208K, used 92806K [0x00000000e0000000, 0x00000000ed900000, 0x00000000f5580000)
  object space 222208K, 41% used [0x00000000e0000000,0x00000000e5aa18f8,0x00000000ed900000)
 Metaspace       used 80515K, capacity 86224K, committed 86400K, reserved 1124352K
  class space    used 11220K, capacity 12395K, committed 12416K, reserved 1048576K
}
Event: 96.842 GC heap before
{Heap before GC invocations=20 (full 3):
 PSYoungGen      total 131072K, used 111404K [0x00000000f5580000, 0x00000000ffc00000, 0x0000000100000000)
  eden space 97792K, 100% used [0x00000000f5580000,0x00000000fb500000,0x00000000fb500000)
  from space 33280K, 40% used [0x00000000fdb80000,0x00000000fe8cb218,0x00000000ffc00000)
  to   space 36352K, 0% used [0x00000000fb500000,0x00000000fb500000,0x00000000fd880000)
 ParOldGen       total 222208K, used 92806K [0x00000000e0000000, 0x00000000ed900000, 0x00000000f5580000)
  object space 222208K, 41% used [0x00000000e0000000,0x00000000e5aa18f8,0x00000000ed900000)
 Metaspace       used 83881K, capacity 89564K, committed 89728K, reserved 1126400K
  class space    used 11643K, capacity 12829K, committed 12928K, reserved 1048576K
Event: 96.895 GC heap after
Heap after GC invocations=20 (full 3):
 PSYoungGen      total 134144K, used 9650K [0x00000000f5580000, 0x0000000100000000, 0x0000000100000000)
  eden space 97792K, 0% used [0x00000000f5580000,0x00000000f5580000,0x00000000fb500000)
  from space 36352K, 26% used [0x00000000fb500000,0x00000000fbe6cae0,0x00000000fd880000)
  to   space 35840K, 0% used [0x00000000fdd00000,0x00000000fdd00000,0x0000000100000000)
 ParOldGen       total 222208K, used 105582K [0x00000000e0000000, 0x00000000ed900000, 0x00000000f5580000)
  object space 222208K, 47% used [0x00000000e0000000,0x00000000e671bb58,0x00000000ed900000)
 Metaspace       used 83881K, capacity 89564K, committed 89728K, reserved 1126400K
  class space    used 11643K, capacity 12829K, committed 12928K, reserved 1048576K
}
Event: 98.891 GC heap before
{Heap before GC invocations=21 (full 3):
 PSYoungGen      total 134144K, used 107442K [0x00000000f5580000, 0x0000000100000000, 0x0000000100000000)
  eden space 97792K, 100% used [0x00000000f5580000,0x00000000fb500000,0x00000000fb500000)
  from space 36352K, 26% used [0x00000000fb500000,0x00000000fbe6cae0,0x00000000fd880000)
  to   space 35840K, 0% used [0x00000000fdd00000,0x00000000fdd00000,0x0000000100000000)
 ParOldGen       total 222208K, used 105582K [0x00000000e0000000, 0x00000000ed900000, 0x00000000f5580000)
  object space 222208K, 47% used [0x00000000e0000000,0x00000000e671bb58,0x00000000ed900000)
 Metaspace       used 86223K, capacity 92084K, committed 92288K, reserved 1128448K
  class space    used 11955K, capacity 13129K, committed 13184K, reserved 1048576K
Event: 98.920 GC heap after
Heap after GC invocations=21 (full 3):
 PSYoungGen      total 136704K, used 9568K [0x00000000f5580000, 0x00000000ffe80000, 0x0000000100000000)
  eden space 102400K, 0% used [0x00000000f5580000,0x00000000f5580000,0x00000000fb980000)
  from space 34304K, 27% used [0x00000000fdd00000,0x00000000fe658330,0x00000000ffe80000)
  to   space 35328K, 0% used [0x00000000fb980000,0x00000000fb980000,0x00000000fdc00000)
 ParOldGen       total 222208K, used 110830K [0x00000000e0000000, 0x00000000ed900000, 0x00000000f5580000)
  object space 222208K, 49% used [0x00000000e0000000,0x00000000e6c3bb48,0x00000000ed900000)
 Metaspace       used 86223K, capacity 92084K, committed 92288K, reserved 1128448K
  class space    used 11955K, capacity 13129K, committed 13184K, reserved 1048576K
}
Event: 103.091 GC heap before
{Heap before GC invocations=22 (full 3):
 PSYoungGen      total 136704K, used 111968K [0x00000000f5580000, 0x00000000ffe80000, 0x0000000100000000)
  eden space 102400K, 100% used [0x00000000f5580000,0x00000000fb980000,0x00000000fb980000)
  from space 34304K, 27% used [0x00000000fdd00000,0x00000000fe658330,0x00000000ffe80000)
  to   space 35328K, 0% used [0x00000000fb980000,0x00000000fb980000,0x00000000fdc00000)
 ParOldGen       total 222208K, used 110830K [0x00000000e0000000, 0x00000000ed900000, 0x00000000f5580000)
  object space 222208K, 49% used [0x00000000e0000000,0x00000000e6c3bb48,0x00000000ed900000)
 Metaspace       used 92213K, capacity 98264K, committed 98560K, reserved 1134592K
  class space    used 12733K, capacity 13988K, committed 14080K, reserved 1048576K
Event: 103.138 GC heap after
Heap after GC invocations=22 (full 3):
 PSYoungGen      total 137728K, used 11171K [0x00000000f5580000, 0x00000000ffe00000, 0x0000000100000000)
  eden space 102400K, 0% used [0x00000000f5580000,0x00000000f5580000,0x00000000fb980000)
  from space 35328K, 31% used [0x00000000fb980000,0x00000000fc468d20,0x00000000fdc00000)
  to   space 33792K, 0% used [0x00000000fdd00000,0x00000000fdd00000,0x00000000ffe00000)
 ParOldGen       total 222208K, used 117957K [0x00000000e0000000, 0x00000000ed900000, 0x00000000f5580000)
  object space 222208K, 53% used [0x00000000e0000000,0x00000000e73314d8,0x00000000ed900000)
 Metaspace       used 92213K, capacity 98264K, committed 98560K, reserved 1134592K
  class space    used 12733K, capacity 13988K, committed 14080K, reserved 1048576K
}

Deoptimization events (10 events):
Event: 102.609 Thread 0x000000001bde1000 Uncommon trap: reason=bimorphic action=maybe_recompile pc=0x0000000005835b74 method=org.gradle.internal.fingerprint.classpath.impl.ClasspathFingerprintingStrategy$ClasspathFingerprintingVisitor.visitEntry(Lorg/gradle/internal/snapshot/FileSystemLocationSn
Event: 102.609 Thread 0x000000001bde1000 Uncommon trap: reason=bimorphic action=maybe_recompile pc=0x0000000005835b74 method=org.gradle.internal.fingerprint.classpath.impl.ClasspathFingerprintingStrategy$ClasspathFingerprintingVisitor.visitEntry(Lorg/gradle/internal/snapshot/FileSystemLocationSn
Event: 103.942 Thread 0x000000001bde1000 Uncommon trap: reason=class_check action=maybe_recompile pc=0x00000000055fe034 method=org.gradle.api.internal.artifacts.transform.TransformationStep.createInvocation(Lorg/gradle/api/internal/artifacts/transform/TransformationSubject;Lorg/gradle/api/intern
Event: 103.947 Thread 0x000000001bde1000 Uncommon trap: reason=class_check action=maybe_recompile pc=0x00000000055fe034 method=org.gradle.api.internal.artifacts.transform.TransformationStep.createInvocation(Lorg/gradle/api/internal/artifacts/transform/TransformationSubject;Lorg/gradle/api/intern
Event: 103.950 Thread 0x000000001bde1000 Uncommon trap: reason=class_check action=maybe_recompile pc=0x00000000055fe034 method=org.gradle.api.internal.artifacts.transform.TransformationStep.createInvocation(Lorg/gradle/api/internal/artifacts/transform/TransformationSubject;Lorg/gradle/api/intern
Event: 103.969 Thread 0x0000000016fb1000 Uncommon trap: reason=class_check action=maybe_recompile pc=0x00000000055c52c0 method=org.gradle.api.internal.artifacts.transform.DefaultTransformerInvocationFactory$TransformerExecution.visitInputs(Lorg/gradle/internal/execution/UnitOfWork$InputVisitor;)
Event: 103.969 Thread 0x0000000016fad800 Uncommon trap: reason=class_check action=maybe_recompile pc=0x00000000055c52c0 method=org.gradle.api.internal.artifacts.transform.DefaultTransformerInvocationFactory$TransformerExecution.visitInputs(Lorg/gradle/internal/execution/UnitOfWork$InputVisitor;)
Event: 103.974 Thread 0x0000000016fb0000 Uncommon trap: reason=class_check action=maybe_recompile pc=0x00000000055c52c0 method=org.gradle.api.internal.artifacts.transform.DefaultTransformerInvocationFactory$TransformerExecution.visitInputs(Lorg/gradle/internal/execution/UnitOfWork$InputVisitor;)
Event: 103.974 Thread 0x000000001bde1000 Uncommon trap: reason=class_check action=maybe_recompile pc=0x00000000055fe034 method=org.gradle.api.internal.artifacts.transform.TransformationStep.createInvocation(Lorg/gradle/api/internal/artifacts/transform/TransformationSubject;Lorg/gradle/api/intern
Event: 103.984 Thread 0x0000000016faa000 Uncommon trap: reason=class_check action=maybe_recompile pc=0x00000000055c52c0 method=org.gradle.api.internal.artifacts.transform.DefaultTransformerInvocationFactory$TransformerExecution.visitInputs(Lorg/gradle/internal/execution/UnitOfWork$InputVisitor;)

Classes redefined (0 events):
No events

Internal exceptions (10 events):
Event: 99.413 Thread 0x000000001bde8800 Exception <a 'sun/nio/fs/WindowsException'> (0x00000000f6045238) thrown at [C:\cygwin64\tmp\build\source\java-1.8.0-openjdk\tmp\jdk8u\hotspot\src\share\vm\prims\jni.cpp, line 711]
Event: 99.600 Thread 0x0000000017c54000 Exception <a 'java/lang/IncompatibleClassChangeError': Found class java.lang.Object, but interface was expected> (0x00000000f699a6b8) thrown at [C:\cygwin64\tmp\build\source\java-1.8.0-openjdk\tmp\jdk8u\hotspot\src\share\vm\interpreter\linkResolver.cpp, l
Event: 101.791 Thread 0x0000000017c54000 Exception <a 'sun/nio/fs/WindowsException'> (0x00000000f9454670) thrown at [C:\cygwin64\tmp\build\source\java-1.8.0-openjdk\tmp\jdk8u\hotspot\src\share\vm\prims\jni.cpp, line 711]
Event: 101.791 Thread 0x0000000017c54000 Exception <a 'sun/nio/fs/WindowsException'> (0x00000000f9456648) thrown at [C:\cygwin64\tmp\build\source\java-1.8.0-openjdk\tmp\jdk8u\hotspot\src\share\vm\prims\jni.cpp, line 711]
Event: 101.831 Thread 0x0000000017c54000 Exception <a 'java/lang/NoSuchMethodError': <clinit>> (0x00000000f9577ef0) thrown at [C:\cygwin64\tmp\build\source\java-1.8.0-openjdk\tmp\jdk8u\hotspot\src\share\vm\prims\jni.cpp, line 1616]
Event: 101.864 Thread 0x000000001bde9000 Exception <a 'sun/nio/fs/WindowsException'> (0x00000000f9640490) thrown at [C:\cygwin64\tmp\build\source\java-1.8.0-openjdk\tmp\jdk8u\hotspot\src\share\vm\prims\jni.cpp, line 711]
Event: 101.867 Thread 0x000000001bde9000 Exception <a 'sun/nio/fs/WindowsException'> (0x00000000f96628f8) thrown at [C:\cygwin64\tmp\build\source\java-1.8.0-openjdk\tmp\jdk8u\hotspot\src\share\vm\prims\jni.cpp, line 711]
Event: 101.867 Thread 0x000000001bde9000 Exception <a 'sun/nio/fs/WindowsException'> (0x00000000f9663148) thrown at [C:\cygwin64\tmp\build\source\java-1.8.0-openjdk\tmp\jdk8u\hotspot\src\share\vm\prims\jni.cpp, line 711]
Event: 101.867 Thread 0x000000001bde9000 Exception <a 'sun/nio/fs/WindowsException'> (0x00000000f9663b10) thrown at [C:\cygwin64\tmp\build\source\java-1.8.0-openjdk\tmp\jdk8u\hotspot\src\share\vm\prims\jni.cpp, line 711]
Event: 102.125 Thread 0x0000000016faa000 Implicit null exception at 0x000000000581d99b to 0x000000000581e19d

Events (10 events):
Event: 103.969 Thread 0x0000000016fad800 DEOPT UNPACKING pc=0x00000000030f557b sp=0x000000001f52d250 mode 2
Event: 103.974 Thread 0x0000000016fb0000 Uncommon trap: trap_request=0xffffffde fr.pc=0x00000000055c52c0
Event: 103.974 Thread 0x0000000016fb0000 DEOPT PACKING pc=0x00000000055c52c0 sp=0x000000001f42d750
Event: 103.974 Thread 0x0000000016fb0000 DEOPT UNPACKING pc=0x00000000030f557b sp=0x000000001f42d6f0 mode 2
Event: 103.974 Thread 0x000000001bde1000 Uncommon trap: trap_request=0xffffffde fr.pc=0x00000000055fe034
Event: 103.974 Thread 0x000000001bde1000 DEOPT PACKING pc=0x00000000055fe034 sp=0x000000002bb7b740
Event: 103.974 Thread 0x000000001bde1000 DEOPT UNPACKING pc=0x00000000030f557b sp=0x000000002bb7b738 mode 2
Event: 103.984 Thread 0x0000000016faa000 Uncommon trap: trap_request=0xffffffde fr.pc=0x00000000055c52c0
Event: 103.984 Thread 0x0000000016faa000 DEOPT PACKING pc=0x00000000055c52c0 sp=0x000000001f62d570
Event: 103.984 Thread 0x0000000016faa000 DEOPT UNPACKING pc=0x00000000030f557b sp=0x000000001f62d510 mode 2


Dynamic libraries:
0x00007ff6efae0000 - 0x00007ff6efb15000 	C:\Program Files\OpenJDK\openjdk-8u272-b10\bin\java.exe
0x00007ffa06510000 - 0x00007ffa06705000 	C:\WINDOWS\SYSTEM32\ntdll.dll
0x00007ffa05110000 - 0x00007ffa051ce000 	C:\WINDOWS\System32\KERNEL32.DLL
0x00007ffa03e90000 - 0x00007ffa04159000 	C:\WINDOWS\System32\KERNELBASE.dll
0x00007ffa05050000 - 0x00007ffa050fc000 	C:\WINDOWS\System32\ADVAPI32.dll
0x00007ffa05f30000 - 0x00007ffa05fce000 	C:\WINDOWS\System32\msvcrt.dll
0x00007ffa06390000 - 0x00007ffa0642b000 	C:\WINDOWS\System32\sechost.dll
0x00007ffa051e0000 - 0x00007ffa0530a000 	C:\WINDOWS\System32\RPCRT4.dll
0x00007ffa053a0000 - 0x00007ffa05541000 	C:\WINDOWS\System32\USER32.dll
0x00007ffa04320000 - 0x00007ffa04342000 	C:\WINDOWS\System32\win32u.dll
0x00007ffa04e00000 - 0x00007ffa04e2b000 	C:\WINDOWS\System32\GDI32.dll
0x00007ffa04160000 - 0x00007ffa0426b000 	C:\WINDOWS\System32\gdi32full.dll
0x00007ffa043e0000 - 0x00007ffa0447d000 	C:\WINDOWS\System32\msvcp_win.dll
0x00007ffa03c30000 - 0x00007ffa03d30000 	C:\WINDOWS\System32\ucrtbase.dll
0x00007ff9f38d0000 - 0x00007ff9f3b6a000 	C:\WINDOWS\WinSxS\amd64_microsoft.windows.common-controls_6595b64144ccf1df_6.0.19041.1110_none_60b5254171f9507e\COMCTL32.dll
0x00007ffa04e30000 - 0x00007ffa04e60000 	C:\WINDOWS\System32\IMM32.DLL
0x0000000057f60000 - 0x0000000058032000 	C:\Program Files\OpenJDK\openjdk-8u272-b10\jre\bin\msvcr100.dll
0x00000000576c0000 - 0x0000000057f54000 	C:\Program Files\OpenJDK\openjdk-8u272-b10\jre\bin\server\jvm.dll
0x00007ffa05100000 - 0x00007ffa05108000 	C:\WINDOWS\System32\PSAPI.DLL
0x00007ff9efed0000 - 0x00007ff9efed9000 	C:\WINDOWS\SYSTEM32\WSOCK32.dll
0x00007ffa04710000 - 0x00007ffa0477b000 	C:\WINDOWS\System32\WS2_32.dll
0x00007ff9f2df0000 - 0x00007ff9f2e17000 	C:\WINDOWS\SYSTEM32\WINMM.dll
0x00007ff9f1e70000 - 0x00007ff9f1e7a000 	C:\WINDOWS\SYSTEM32\VERSION.dll
0x00007ffa00d30000 - 0x00007ffa00d3f000 	C:\Program Files\OpenJDK\openjdk-8u272-b10\jre\bin\verify.dll
0x00007ff9fc170000 - 0x00007ff9fc199000 	C:\Program Files\OpenJDK\openjdk-8u272-b10\jre\bin\java.dll
0x00007ff9f65e0000 - 0x00007ff9f65f6000 	C:\Program Files\OpenJDK\openjdk-8u272-b10\jre\bin\zip.dll
0x00007ffa05600000 - 0x00007ffa05d3f000 	C:\WINDOWS\System32\SHELL32.dll
0x00007ffa01960000 - 0x00007ffa020f0000 	C:\WINDOWS\SYSTEM32\windows.storage.dll
0x00007ffa05fd0000 - 0x00007ffa06325000 	C:\WINDOWS\System32\combase.dll
0x00007ffa035b0000 - 0x00007ffa035dc000 	C:\WINDOWS\SYSTEM32\Wldp.dll
0x00007ffa04f40000 - 0x00007ffa04fee000 	C:\WINDOWS\System32\SHCORE.dll
0x00007ffa05d40000 - 0x00007ffa05d95000 	C:\WINDOWS\System32\shlwapi.dll
0x00007ffa03b70000 - 0x00007ffa03b8f000 	C:\WINDOWS\SYSTEM32\profapi.dll
0x00007ff9f65c0000 - 0x00007ff9f65db000 	C:\Program Files\OpenJDK\openjdk-8u272-b10\jre\bin\net.dll
0x00007ffa03310000 - 0x00007ffa0337a000 	C:\WINDOWS\system32\mswsock.dll
0x00007ff9f65a0000 - 0x00007ff9f65b2000 	C:\Program Files\OpenJDK\openjdk-8u272-b10\jre\bin\nio.dll
0x00007ff9f6570000 - 0x00007ff9f6597000 	C:\Users\ADMIN\.gradle\native\49d0259a56938c7f99b2704e745ce422c4f750a7a20b539a32ccef96729676b1\windows-amd64\native-platform.dll
0x00007ff9d84e0000 - 0x00007ff9d8676000 	C:\Users\ADMIN\.gradle\native\12488b8bf47d2d4c9fbf2f6322a914ad602e24e48041cd04a747c6da556b65c4\windows-amd64\native-platform-file-events.dll
0x00007ff9fbfc0000 - 0x00007ff9fbfcd000 	C:\Program Files\OpenJDK\openjdk-8u272-b10\jre\bin\management.dll
0x00007ffa03500000 - 0x00007ffa03518000 	C:\WINDOWS\SYSTEM32\CRYPTSP.dll
0x00007ffa02c90000 - 0x00007ffa02cc4000 	C:\WINDOWS\system32\rsaenh.dll
0x00007ffa04480000 - 0x00007ffa044a7000 	C:\WINDOWS\System32\bcrypt.dll
0x00007ffa03b30000 - 0x00007ffa03b5e000 	C:\WINDOWS\SYSTEM32\USERENV.dll
0x00007ffa04350000 - 0x00007ffa043d3000 	C:\WINDOWS\System32\bcryptprimitives.dll
0x00007ffa03520000 - 0x00007ffa0352c000 	C:\WINDOWS\SYSTEM32\CRYPTBASE.dll
0x00007ffa03000000 - 0x00007ffa0303b000 	C:\WINDOWS\SYSTEM32\IPHLPAPI.DLL
0x00007ffa05f20000 - 0x00007ffa05f28000 	C:\WINDOWS\System32\NSI.dll
0x00007ff9f91a0000 - 0x00007ff9f91b7000 	C:\WINDOWS\SYSTEM32\dhcpcsvc6.DLL
0x00007ff9f9270000 - 0x00007ff9f928d000 	C:\WINDOWS\SYSTEM32\dhcpcsvc.DLL
0x00007ffa03040000 - 0x00007ffa0310c000 	C:\WINDOWS\SYSTEM32\DNSAPI.dll

VM Arguments:
jvm_args: -XX:MaxMetaspaceSize=256m -XX:+HeapDumpOnOutOfMemoryError -Xms256m -Xmx512m -Dfile.encoding=windows-1252 -Duser.country=US -Duser.language=en -Duser.variant 
java_command: org.gradle.launcher.daemon.bootstrap.GradleDaemon 6.9
java_class_path (initial): C:\Users\ADMIN\.gradle\wrapper\dists\gradle-6.9-all\dooywd8nv05k16orzxge2b1bs\gradle-6.9\lib\gradle-launcher-6.9.jar
Launcher Type: SUN_STANDARD

Environment Variables:
JAVA_HOME=C:\Program Files\OpenJDK\openjdk-8u272-b10
CLASSPATH=E:\DACN1\android\\gradle\wrapper\gradle-wrapper.jar
USERNAME=ADMIN
OS=Windows_NT
PROCESSOR_IDENTIFIER=Intel64 Family 6 Model 78 Stepping 3, GenuineIntel



---------------  S Y S T E M  ---------------

OS: Windows 10.0 , 64 bit Build 19041 (10.0.19041.1202)

CPU:total 4 (initial active 4) (2 cores per cpu, 2 threads per core) family 6 model 78 stepping 3, cmov, cx8, fxsr, mmx, sse, sse2, sse3, ssse3, sse4.1, sse4.2, popcnt, avx, avx2, aes, clmul, erms, 3dnowpref, lzcnt, ht, tsc, tscinvbit, bmi1, bmi2, adx

Memory: 4k page, physical 12449408k(1023368k free), swap 20838016k(7392k free)

vm_info: OpenJDK 64-Bit Server VM (25.272-b10) for windows-amd64 JRE (1.8.0_272-b10), built on Oct 19 2020 14:41:31 by "build" with MS VC++ 10.0 (VS2010)

time: Tue Oct 26 18:49:50 2021
timezone: SE Asia Standard Time
elapsed time: 105.056562 seconds (0d 0h 1m 45s)

